# JRE version: Java(TM) SE Runtime Environment (7.0_75-b13) (build 1.7.0_75-b13)
# Java VM: Java HotSpot(TM) 64-Bit Server VM (24.75-b04 mixed mode windows-amd64 compressed oops)
Heap
 PSYoungGen      total 264704K, used 97963K [0x00000007d5c80000, 0x00000007f7c80000, 0x0000000800000000)
  eden space 254464K, 34% used [0x00000007d5c80000,0x00000007db238c78,0x00000007e5500000)
  from space 10240K, 99% used [0x00000007f7280000,0x00000007f7c72158,0x00000007f7c80000)
  to   space 14336K, 0% used [0x00000007f6080000,0x00000007f6080000,0x00000007f6e80000)
 ParOldGen       total 86016K, used 39014K [0x0000000781600000, 0x0000000786a00000, 0x00000007d5c80000)
  object space 86016K, 45% used [0x0000000781600000,0x0000000783c199f8,0x0000000786a00000)
 PSPermGen       total 24064K, used 23563K [0x000000077c400000, 0x000000077db80000, 0x0000000781600000)
  object space 24064K, 97% used [0x000000077c400000,0x000000077db02fa8,0x000000077db80000)
GC Heap History (10 events):
Event: 12.793 GC heap before
{Heap before GC invocations=4 (full 0):
 PSYoungGen      total 71680K, used 71657K [0x00000007d5c80000, 0x00000007de880000, 0x0000000800000000)
  eden space 66560K, 100% used [0x00000007d5c80000,0x00000007d9d80000,0x00000007d9d80000)
  from space 5120K, 99% used [0x00000007d9d80000,0x00000007da27a468,0x00000007da280000)
  to   space 5120K, 0% used [0x00000007de380000,0x00000007de380000,0x00000007de880000)
 ParOldGen       total 86016K, used 21523K [0x0000000781600000, 0x0000000786a00000, 0x00000007d5c80000)
  object space 86016K, 25% used [0x0000000781600000,0x0000000782b04e70,0x0000000786a00000)
 PSPermGen       total 21504K, used 15965K [0x000000077c400000, 0x000000077d900000, 0x0000000781600000)
  object space 21504K, 74% used [0x000000077c400000,0x000000077d397640,0x000000077d900000)
Event: 12.823 GC heap after
Heap after GC invocations=4 (full 0):
 PSYoungGen      total 138240K, used 5107K [0x00000007d5c80000, 0x00000007de880000, 0x0000000800000000)
  eden space 133120K, 0% used [0x00000007d5c80000,0x00000007d5c80000,0x00000007dde80000)
  from space 5120K, 99% used [0x00000007de380000,0x00000007de87ccb0,0x00000007de880000)
  to   space 5120K, 0% used [0x00000007dde80000,0x00000007dde80000,0x00000007de380000)
 ParOldGen       total 86016K, used 26978K [0x0000000781600000, 0x0000000786a00000, 0x00000007d5c80000)
  object space 86016K, 31% used [0x0000000781600000,0x0000000783058bd0,0x0000000786a00000)
 PSPermGen       total 21504K, used 15965K [0x000000077c400000, 0x000000077d900000, 0x0000000781600000)
  object space 21504K, 74% used [0x000000077c400000,0x000000077d397640,0x000000077d900000)
}
Event: 107.417 GC heap before
{Heap before GC invocations=5 (full 0):
 PSYoungGen      total 138240K, used 138227K [0x00000007d5c80000, 0x00000007de880000, 0x0000000800000000)
  eden space 133120K, 100% used [0x00000007d5c80000,0x00000007dde80000,0x00000007dde80000)
  from space 5120K, 99% used [0x00000007de380000,0x00000007de87ccb0,0x00000007de880000)
  to   space 5120K, 0% used [0x00000007dde80000,0x00000007dde80000,0x00000007de380000)
 ParOldGen       total 86016K, used 26978K [0x0000000781600000, 0x0000000786a00000, 0x00000007d5c80000)
  object space 86016K, 31% used [0x0000000781600000,0x0000000783058bd0,0x0000000786a00000)
 PSPermGen       total 22528K, used 22487K [0x000000077c400000, 0x000000077da00000, 0x0000000781600000)
  object space 22528K, 99% used [0x000000077c400000,0x000000077d9f5ff8,0x000000077da00000)
Event: 107.481 GC heap after
Heap after GC invocations=5 (full 0):
 PSYoungGen      total 138240K, used 5109K [0x00000007d5c80000, 0x00000007e7c80000, 0x0000000800000000)
  eden space 133120K, 0% used [0x00000007d5c80000,0x00000007d5c80000,0x00000007dde80000)
  from space 5120K, 99% used [0x00000007dde80000,0x00000007de37d578,0x00000007de380000)
  to   space 14336K, 0% used [0x00000007e6e80000,0x00000007e6e80000,0x00000007e7c80000)
 ParOldGen       total 86016K, used 34381K [0x0000000781600000, 0x0000000786a00000, 0x00000007d5c80000)
  object space 86016K, 39% used [0x0000000781600000,0x0000000783793498,0x0000000786a00000)
 PSPermGen       total 22528K, used 22487K [0x000000077c400000, 0x000000077da00000, 0x0000000781600000)
  object space 22528K, 99% used [0x000000077c400000,0x000000077d9f5ff8,0x000000077da00000)
}
Event: 218.715 GC heap before
{Heap before GC invocations=6 (full 0):
 PSYoungGen      total 138240K, used 138229K [0x00000007d5c80000, 0x00000007e7c80000, 0x0000000800000000)
  eden space 133120K, 100% used [0x00000007d5c80000,0x00000007dde80000,0x00000007dde80000)
  from space 5120K, 99% used [0x00000007dde80000,0x00000007de37d578,0x00000007de380000)
  to   space 14336K, 0% used [0x00000007e6e80000,0x00000007e6e80000,0x00000007e7c80000)
 ParOldGen       total 86016K, used 34381K [0x0000000781600000, 0x0000000786a00000, 0x00000007d5c80000)
  object space 86016K, 39% used [0x0000000781600000,0x0000000783793498,0x0000000786a00000)
 PSPermGen       total 23040K, used 22575K [0x000000077c400000, 0x000000077da80000, 0x0000000781600000)
  object space 23040K, 97% used [0x000000077c400000,0x000000077da0bfb0,0x000000077da80000)
Event: 218.760 GC heap after
Heap after GC invocations=6 (full 0):
 PSYoungGen      total 279552K, used 11607K [0x00000007d5c80000, 0x00000007e7b80000, 0x0000000800000000)
  eden space 266240K, 0% used [0x00000007d5c80000,0x00000007d5c80000,0x00000007e6080000)
  from space 13312K, 87% used [0x00000007e6e80000,0x00000007e79d5e38,0x00000007e7b80000)
  to   space 13824K, 0% used [0x00000007e6080000,0x00000007e6080000,0x00000007e6e00000)
 ParOldGen       total 86016K, used 34381K [0x0000000781600000, 0x0000000786a00000, 0x00000007d5c80000)
  object space 86016K, 39% used [0x0000000781600000,0x0000000783793498,0x0000000786a00000)
 PSPermGen       total 23040K, used 22575K [0x000000077c400000, 0x000000077da80000, 0x0000000781600000)
  object space 23040K, 97% used [0x000000077c400000,0x000000077da0bfb0,0x000000077da80000)
}
Event: 524.362 GC heap before
{Heap before GC invocations=7 (full 0):
 PSYoungGen      total 279552K, used 277847K [0x00000007d5c80000, 0x00000007e7b80000, 0x0000000800000000)
  eden space 266240K, 100% used [0x00000007d5c80000,0x00000007e6080000,0x00000007e6080000)
  from space 13312K, 87% used [0x00000007e6e80000,0x00000007e79d5e38,0x00000007e7b80000)
  to   space 13824K, 0% used [0x00000007e6080000,0x00000007e6080000,0x00000007e6e00000)
 ParOldGen       total 86016K, used 34381K [0x0000000781600000, 0x0000000786a00000, 0x00000007d5c80000)
  object space 86016K, 39% used [0x0000000781600000,0x0000000783793498,0x0000000786a00000)
 PSPermGen       total 23552K, used 23194K [0x000000077c400000, 0x000000077db00000, 0x0000000781600000)
  object space 23552K, 98% used [0x000000077c400000,0x000000077daa6a00,0x000000077db00000)
Event: 524.444 GC heap after
Heap after GC invocations=7 (full 0):
 PSYoungGen      total 280064K, used 8297K [0x00000007d5c80000, 0x00000007f8080000, 0x0000000800000000)
  eden space 266240K, 0% used [0x00000007d5c80000,0x00000007d5c80000,0x00000007e6080000)
  from space 13824K, 60% used [0x00000007e6080000,0x00000007e689a698,0x00000007e6e00000)
  to   space 14336K, 0% used [0x00000007f7280000,0x00000007f7280000,0x00000007f8080000)
 ParOldGen       total 86016K, used 37360K [0x0000000781600000, 0x0000000786a00000, 0x00000007d5c80000)
  object space 86016K, 43% used [0x0000000781600000,0x0000000783a7c198,0x0000000786a00000)
 PSPermGen       total 23552K, used 23194K [0x000000077c400000, 0x000000077db00000, 0x0000000781600000)
  object space 23552K, 98% used [0x000000077c400000,0x000000077daa6a00,0x000000077db00000)
}
Event: 843.534 GC heap before
{Heap before GC invocations=8 (full 0):
 PSYoungGen      total 280064K, used 274537K [0x00000007d5c80000, 0x00000007f8080000, 0x0000000800000000)
  eden space 266240K, 100% used [0x00000007d5c80000,0x00000007e6080000,0x00000007e6080000)
  from space 13824K, 60% used [0x00000007e6080000,0x00000007e689a698,0x00000007e6e00000)
  to   space 14336K, 0% used [0x00000007f7280000,0x00000007f7280000,0x00000007f8080000)
 ParOldGen       total 86016K, used 37360K [0x0000000781600000, 0x0000000786a00000, 0x00000007d5c80000)
  object space 86016K, 43% used [0x0000000781600000,0x0000000783a7c198,0x0000000786a00000)
 PSPermGen       total 23552K, used 23306K [0x000000077c400000, 0x000000077db00000, 0x0000000781600000)
  object space 23552K, 98% used [0x000000077c400000,0x000000077dac2920,0x000000077db00000)
Event: 843.595 GC heap after
Heap after GC invocations=8 (full 0):
 PSYoungGen      total 264704K, used 10184K [0x00000007d5c80000, 0x00000007f7c80000, 0x0000000800000000)
  eden space 254464K, 0% used [0x00000007d5c80000,0x00000007d5c80000,0x00000007e5500000)
  from space 10240K, 99% used [0x00000007f7280000,0x00000007f7c72158,0x00000007f7c80000)
  to   space 14336K, 0% used [0x00000007f6080000,0x00000007f6080000,0x00000007f6e80000)
 ParOldGen       total 86016K, used 39014K [0x0000000781600000, 0x0000000786a00000, 0x00000007d5c80000)
  object space 86016K, 45% used [0x0000000781600000,0x0000000783c199f8,0x0000000786a00000)
 PSPermGen       total 23552K, used 23306K [0x000000077c400000, 0x000000077db00000, 0x0000000781600000)
  object space 23552K, 98% used [0x000000077c400000,0x000000077dac2920,0x000000077db00000)
}

