# JRE version: Java(TM) SE Runtime Environment (7.0_75-b13) (build 1.7.0_75-b13)
# Java VM: Java HotSpot(TM) 64-Bit Server VM (24.75-b04 mixed mode windows-amd64 compressed oops)
Heap
 PSYoungGen      total 138240K, used 62809K [0x00000007d5c80000, 0x00000007de880000, 0x0000000800000000)
  eden space 133120K, 43% used [0x00000007d5c80000,0x00000007d94d7408,0x00000007dde80000)
  from space 5120K, 99% used [0x00000007de380000,0x00000007de87f398,0x00000007de880000)
  to   space 5120K, 0% used [0x00000007dde80000,0x00000007dde80000,0x00000007de380000)
 ParOldGen       total 86016K, used 32661K [0x0000000781600000, 0x0000000786a00000, 0x00000007d5c80000)
  object space 86016K, 37% used [0x0000000781600000,0x00000007835e5748,0x0000000786a00000)
 PSPermGen       total 22528K, used 22258K [0x000000077c400000, 0x000000077da00000, 0x0000000781600000)
  object space 22528K, 98% used [0x000000077c400000,0x000000077d9bca08,0x000000077da00000)
GC Heap History (8 events):
Event: 1.436 GC heap before
{Heap before GC invocations=1 (full 0):
 PSYoungGen      total 38400K, used 33280K [0x00000007d5c80000, 0x00000007d8700000, 0x0000000800000000)
  eden space 33280K, 100% used [0x00000007d5c80000,0x00000007d7d00000,0x00000007d7d00000)
  from space 5120K, 0% used [0x00000007d8200000,0x00000007d8200000,0x00000007d8700000)
  to   space 5120K, 0% used [0x00000007d7d00000,0x00000007d7d00000,0x00000007d8200000)
 ParOldGen       total 86016K, used 0K [0x0000000781600000, 0x0000000786a00000, 0x00000007d5c80000)
  object space 86016K, 0% used [0x0000000781600000,0x0000000781600000,0x0000000786a00000)
 PSPermGen       total 21504K, used 3926K [0x000000077c400000, 0x000000077d900000, 0x0000000781600000)
  object space 21504K, 18% used [0x000000077c400000,0x000000077c7d5b98,0x000000077d900000)
Event: 1.458 GC heap after
Heap after GC invocations=1 (full 0):
 PSYoungGen      total 38400K, used 5113K [0x00000007d5c80000, 0x00000007da780000, 0x0000000800000000)
  eden space 33280K, 0% used [0x00000007d5c80000,0x00000007d5c80000,0x00000007d7d00000)
  from space 5120K, 99% used [0x00000007d7d00000,0x00000007d81fe548,0x00000007d8200000)
  to   space 5120K, 0% used [0x00000007da280000,0x00000007da280000,0x00000007da780000)
 ParOldGen       total 86016K, used 8626K [0x0000000781600000, 0x0000000786a00000, 0x00000007d5c80000)
  object space 86016K, 10% used [0x0000000781600000,0x0000000781e6c970,0x0000000786a00000)
 PSPermGen       total 21504K, used 3926K [0x000000077c400000, 0x000000077d900000, 0x0000000781600000)
  object space 21504K, 18% used [0x000000077c400000,0x000000077c7d5b98,0x000000077d900000)
}
Event: 2.044 GC heap before
{Heap before GC invocations=2 (full 0):
 PSYoungGen      total 38400K, used 38393K [0x00000007d5c80000, 0x00000007da780000, 0x0000000800000000)
  eden space 33280K, 100% used [0x00000007d5c80000,0x00000007d7d00000,0x00000007d7d00000)
  from space 5120K, 99% used [0x00000007d7d00000,0x00000007d81fe548,0x00000007d8200000)
  to   space 5120K, 0% used [0x00000007da280000,0x00000007da280000,0x00000007da780000)
 ParOldGen       total 86016K, used 8626K [0x0000000781600000, 0x0000000786a00000, 0x00000007d5c80000)
  object space 86016K, 10% used [0x0000000781600000,0x0000000781e6c970,0x0000000786a00000)
 PSPermGen       total 21504K, used 4400K [0x000000077c400000, 0x000000077d900000, 0x0000000781600000)
  object space 21504K, 20% used [0x000000077c400000,0x000000077c84c3d0,0x000000077d900000)
Event: 2.076 GC heap after
Heap after GC invocations=2 (full 0):
 PSYoungGen      total 71680K, used 5119K [0x00000007d5c80000, 0x00000007da780000, 0x0000000800000000)
  eden space 66560K, 0% used [0x00000007d5c80000,0x00000007d5c80000,0x00000007d9d80000)
  from space 5120K, 99% used [0x00000007da280000,0x00000007da77fcd0,0x00000007da780000)
  to   space 5120K, 0% used [0x00000007d9d80000,0x00000007d9d80000,0x00000007da280000)
 ParOldGen       total 86016K, used 19066K [0x0000000781600000, 0x0000000786a00000, 0x00000007d5c80000)
  object space 86016K, 22% used [0x0000000781600000,0x000000078289ebb8,0x0000000786a00000)
 PSPermGen       total 21504K, used 4400K [0x000000077c400000, 0x000000077d900000, 0x0000000781600000)
  object space 21504K, 20% used [0x000000077c400000,0x000000077c84c3d0,0x000000077d900000)
}
Event: 4.533 GC heap before
{Heap before GC invocations=3 (full 0):
 PSYoungGen      total 71680K, used 71679K [0x00000007d5c80000, 0x00000007da780000, 0x0000000800000000)
  eden space 66560K, 100% used [0x00000007d5c80000,0x00000007d9d80000,0x00000007d9d80000)
  from space 5120K, 99% used [0x00000007da280000,0x00000007da77fcd0,0x00000007da780000)
  to   space 5120K, 0% used [0x00000007d9d80000,0x00000007d9d80000,0x00000007da280000)
 ParOldGen       total 86016K, used 19066K [0x0000000781600000, 0x0000000786a00000, 0x00000007d5c80000)
  object space 86016K, 22% used [0x0000000781600000,0x000000078289ebb8,0x0000000786a00000)
 PSPermGen       total 21504K, used 9718K [0x000000077c400000, 0x000000077d900000, 0x0000000781600000)
  object space 21504K, 45% used [0x000000077c400000,0x000000077cd7d868,0x000000077d900000)
Event: 4.564 GC heap after
Heap after GC invocations=3 (full 0):
 PSYoungGen      total 71680K, used 5111K [0x00000007d5c80000, 0x00000007de880000, 0x0000000800000000)
  eden space 66560K, 0% used [0x00000007d5c80000,0x00000007d5c80000,0x00000007d9d80000)
  from space 5120K, 99% used [0x00000007d9d80000,0x00000007da27df00,0x00000007da280000)
  to   space 5120K, 0% used [0x00000007de380000,0x00000007de380000,0x00000007de880000)
 ParOldGen       total 86016K, used 29857K [0x0000000781600000, 0x0000000786a00000, 0x00000007d5c80000)
  object space 86016K, 34% used [0x0000000781600000,0x0000000783328548,0x0000000786a00000)
 PSPermGen       total 21504K, used 9718K [0x000000077c400000, 0x000000077d900000, 0x0000000781600000)
  object space 21504K, 45% used [0x000000077c400000,0x000000077cd7d868,0x000000077d900000)
}
Event: 15.254 GC heap before
{Heap before GC invocations=4 (full 0):
 PSYoungGen      total 71680K, used 71671K [0x00000007d5c80000, 0x00000007de880000, 0x0000000800000000)
  eden space 66560K, 100% used [0x00000007d5c80000,0x00000007d9d80000,0x00000007d9d80000)
  from space 5120K, 99% used [0x00000007d9d80000,0x00000007da27df00,0x00000007da280000)
  to   space 5120K, 0% used [0x00000007de380000,0x00000007de380000,0x00000007de880000)
 ParOldGen       total 86016K, used 29857K [0x0000000781600000, 0x0000000786a00000, 0x00000007d5c80000)
  object space 86016K, 34% used [0x0000000781600000,0x0000000783328548,0x0000000786a00000)
 PSPermGen       total 21504K, used 16976K [0x000000077c400000, 0x000000077d900000, 0x0000000781600000)
  object space 21504K, 78% used [0x000000077c400000,0x000000077d4941a0,0x000000077d900000)
Event: 15.276 GC heap after
Heap after GC invocations=4 (full 0):
 PSYoungGen      total 138240K, used 5116K [0x00000007d5c80000, 0x00000007de880000, 0x0000000800000000)
  eden space 133120K, 0% used [0x00000007d5c80000,0x00000007d5c80000,0x00000007dde80000)
  from space 5120K, 99% used [0x00000007de380000,0x00000007de87f398,0x00000007de880000)
  to   space 5120K, 0% used [0x00000007dde80000,0x00000007dde80000,0x00000007de380000)
 ParOldGen       total 86016K, used 32661K [0x0000000781600000, 0x0000000786a00000, 0x00000007d5c80000)
  object space 86016K, 37% used [0x0000000781600000,0x00000007835e5748,0x0000000786a00000)
 PSPermGen       total 21504K, used 16976K [0x000000077c400000, 0x000000077d900000, 0x0000000781600000)
  object space 21504K, 78% used [0x000000077c400000,0x000000077d4941a0,0x000000077d900000)
}

